[16:01:37] [main/INFO]: Environment: authHost='https://authserver.mojang.com', accountsHost='https://api.mojang.com', sessionHost='https://sessionserver.mojang.com', name='PROD'
[16:01:38] [main/WARN]: Ambiguity between arguments [teleport, destination] and [teleport, targets] with inputs: [Player, 0123, @e, dd12be42-52a9-4a91-a8a1-11c01849e498]
[16:01:38] [main/WARN]: Ambiguity between arguments [teleport, location] and [teleport, destination] with inputs: [0.1 -0.5 .9, 0 0 0]
[16:01:38] [main/WARN]: Ambiguity between arguments [teleport, location] and [teleport, targets] with inputs: [0.1 -0.5 .9, 0 0 0]
[16:01:38] [main/WARN]: Ambiguity between arguments [teleport, targets] and [teleport, destination] with inputs: [Player, 0123, dd12be42-52a9-4a91-a8a1-11c01849e498]
[16:01:38] [main/WARN]: Ambiguity between arguments [teleport, targets, location] and [teleport, targets, destination] with inputs: [0.1 -0.5 .9, 0 0 0]
[16:01:38] [main/INFO]: Reloading ResourceManager: Default
[16:01:39] [Worker-Main-13/INFO]: Loaded 7 recipes
[16:01:39] [Worker-Main-13/INFO]: Loaded 927 advancements
[16:01:41] [Server thread/INFO]: Starting minecraft server version 1.16.3
[16:01:41] [Server thread/INFO]: Loading properties
[16:01:41] [Server thread/INFO]: Default game type: SURVIVAL
[16:01:41] [Server thread/INFO]: Generating keypair
[16:01:41] [Server thread/INFO]: Starting Minecraft server on *:25565
[16:01:41] [Server thread/INFO]: Using default channel type
[16:01:44] [Server thread/INFO]: Preparing level "world"
[16:01:44] [Server thread/INFO]: Preparing start region for dimension minecraft:overworld
[16:01:46] [Server thread/INFO]: Preparing spawn area: 0%
[16:01:46] [Server thread/INFO]: Preparing spawn area: 0%
[16:01:46] [Server thread/INFO]: Preparing spawn area: 0%
[16:01:46] [Server thread/INFO]: Preparing spawn area: 0%
[16:01:46] [Server thread/INFO]: Preparing spawn area: 0%
[16:01:53] [Worker-Main-11/INFO]: Preparing spawn area: 83%
[16:01:53] [Worker-Main-8/INFO]: Preparing spawn area: 83%
[16:01:53] [Worker-Main-11/INFO]: Preparing spawn area: 83%
[16:01:53] [Worker-Main-14/INFO]: Preparing spawn area: 83%
[16:01:53] [Worker-Main-14/INFO]: Preparing spawn area: 83%
[16:01:53] [Worker-Main-11/INFO]: Preparing spawn area: 83%
[16:01:53] [Worker-Main-8/INFO]: Preparing spawn area: 83%
[16:01:53] [Worker-Main-8/INFO]: Preparing spawn area: 83%
[16:01:53] [Worker-Main-15/INFO]: Preparing spawn area: 83%
[16:01:53] [Worker-Main-8/INFO]: Preparing spawn area: 83%
[16:01:53] [Worker-Main-8/INFO]: Preparing spawn area: 83%
[16:01:53] [Worker-Main-9/INFO]: Preparing spawn area: 83%
[16:01:53] [Worker-Main-9/INFO]: Preparing spawn area: 83%
[16:01:53] [Worker-Main-11/INFO]: Preparing spawn area: 83%
[16:01:54] [Worker-Main-8/INFO]: Preparing spawn area: 95%
[16:01:54] [Worker-Main-10/INFO]: Preparing spawn area: 95%
[16:01:55] [Worker-Main-15/INFO]: Preparing spawn area: 95%
[16:01:55] [Worker-Main-12/INFO]: Preparing spawn area: 96%
[16:01:56] [Worker-Main-11/INFO]: Preparing spawn area: 96%
[16:01:56] [Server thread/INFO]: Time elapsed: 11755 ms
[16:01:56] [Server thread/INFO]: Done (11.987s)! For help, type "help"
[16:03:44] [Server thread/INFO]: Disconnecting com.mojang.authlib.GameProfile@23db0c09[id=<null>,name=TeeneeBeanie,properties={},legacy=false] (/99.227.161.11:56363): Took too long to log in
[16:03:44] [Server thread/INFO]: com.mojang.authlib.GameProfile@23db0c09[id=<null>,name=TeeneeBeanie,properties={},legacy=false] (/99.227.161.11:56363) lost connection: Took too long to log in
[16:03:48] [User Authenticator #1/INFO]: Disconnecting com.mojang.authlib.GameProfile@23db0c09[id=<null>,name=TeeneeBeanie,properties={},legacy=false] (/99.227.161.11:56363): Authentication servers are down. Please try again later, sorry!
[16:03:48] [User Authenticator #1/ERROR]: Couldn't verify username because servers are unavailable
[16:06:22] [User Authenticator #2/INFO]: UUID of player inefficent_led is fb3df3ca-16c5-4c7c-8c6e-cd0711f2cc8c
[16:06:23] [Server thread/INFO]: inefficent_led[/192.168.2.85:64667] logged in with entity id 131 at (-1691.1566485660976, 63.0, 490.56915925482474)
[16:06:23] [Server thread/INFO]: inefficent_led joined the game
[16:06:25] [Server thread/WARN]: Can't keep up! Is the server overloaded? Running 2191ms or 43 ticks behind
[16:06:46] [Server thread/WARN]: Can't keep up! Is the server overloaded? Running 6021ms or 120 ticks behind
[16:06:52] [User Authenticator #3/INFO]: UUID of player TeeneeBeanie is f9605c2b-6111-422a-9ac8-c1b63601e97c
[16:06:52] [Server thread/INFO]: TeeneeBeanie[/99.227.161.11:56590] logged in with entity id 461 at (-1631.9871920587386, 67.0, 520.2992073447538)
[16:06:52] [Server thread/INFO]: TeeneeBeanie joined the game
[16:07:06] [Server thread/WARN]: Can't keep up! Is the server overloaded? Running 2061ms or 41 ticks behind
[16:08:08] [Server thread/INFO]: TeeneeBeanie lost connection: Disconnected
[16:08:08] [Server thread/INFO]: TeeneeBeanie left the game
[16:08:17] [Server thread/INFO]: inefficent_led lost connection: Disconnected
[16:08:17] [Server thread/INFO]: inefficent_led left the game
[16:08:27] [User Authenticator #4/INFO]: UUID of player TeeneeBeanie is f9605c2b-6111-422a-9ac8-c1b63601e97c
[16:08:27] [Server thread/INFO]: TeeneeBeanie[/99.227.161.11:56688] logged in with entity id 687 at (-1647.0244613492855, 63.0, 513.0852334861644)
[16:08:27] [Server thread/INFO]: TeeneeBeanie joined the game
[16:09:32] [Server thread/INFO]: TeeneeBeanie lost connection: Disconnected
[16:09:32] [Server thread/INFO]: TeeneeBeanie left the game
[16:09:53] [User Authenticator #5/INFO]: UUID of player TeeneeBeanie is f9605c2b-6111-422a-9ac8-c1b63601e97c
[16:09:53] [Server thread/INFO]: TeeneeBeanie[/99.227.161.11:56770] logged in with entity id 1083 at (-1647.0244613492855, 63.0, 513.0852334861644)
[16:09:53] [Server thread/INFO]: TeeneeBeanie joined the game
[16:10:53] [Server thread/INFO]: TeeneeBeanie lost connection: Disconnected
[16:10:53] [Server thread/INFO]: TeeneeBeanie left the game
[16:38:00] [User Authenticator #6/INFO]: UUID of player inefficent_led is fb3df3ca-16c5-4c7c-8c6e-cd0711f2cc8c
[16:38:00] [Server thread/INFO]: inefficent_led[/192.168.2.85:64845] logged in with entity id 1497 at (-1695.699999988079, 72.0, 478.78943692015343)
[16:38:00] [Server thread/INFO]: inefficent_led joined the game
[16:59:12] [User Authenticator #7/INFO]: UUID of player TeeneeBeanie is f9605c2b-6111-422a-9ac8-c1b63601e97c
[16:59:12] [Server thread/INFO]: TeeneeBeanie[/99.227.161.11:60034] logged in with entity id 5239 at (-1626.2258333226232, 68.0, 509.4752562081716)
[16:59:12] [Server thread/INFO]: TeeneeBeanie joined the game
[16:59:27] [Server thread/INFO]: <inefficent_led> join vc in trick
[17:02:09] [Server thread/INFO]: inefficent_led lost connection: Disconnected
[17:02:09] [Server thread/INFO]: inefficent_led left the game
[17:02:57] [User Authenticator #8/INFO]: UUID of player inefficent_led is fb3df3ca-16c5-4c7c-8c6e-cd0711f2cc8c
[17:02:57] [Server thread/INFO]: inefficent_led[/192.168.2.85:64485] logged in with entity id 5906 at (-1686.9853602643782, 63.0, 451.71267892466534)
[17:02:57] [Server thread/INFO]: inefficent_led joined the game
[17:11:12] [Server thread/INFO]: TeeneeBeanie lost connection: Disconnected
[17:11:12] [Server thread/INFO]: TeeneeBeanie left the game
[17:11:48] [Server thread/INFO]: inefficent_led lost connection: Disconnected
[17:11:48] [Server thread/INFO]: inefficent_led left the game
[17:11:48] [Server thread/INFO]: com.mojang.authlib.GameProfile@3df812ef[id=<null>,name=TeeneeBeanie,properties={},legacy=false] (/99.227.161.11:60782) lost connection: Disconnected
[17:11:53] [Server thread/INFO]: com.mojang.authlib.GameProfile@36b3d65f[id=<null>,name=inefficent_led,properties={},legacy=false] (/192.168.2.85:56671) lost connection: Disconnected
[17:12:52] [User Authenticator #9/INFO]: UUID of player inefficent_led is fb3df3ca-16c5-4c7c-8c6e-cd0711f2cc8c
[17:12:53] [Server thread/INFO]: inefficent_led[/192.168.2.85:56728] logged in with entity id 7386 at (-1729.5606672194192, 83.0, 493.5423100203248)
[17:12:53] [Server thread/INFO]: inefficent_led joined the game
[17:13:28] [User Authenticator #10/INFO]: UUID of player TeeneeBeanie is f9605c2b-6111-422a-9ac8-c1b63601e97c
[17:13:28] [Server thread/INFO]: TeeneeBeanie[/99.227.161.11:60922] logged in with entity id 7734 at (-1730.4246552044028, 82.0, 490.30000001192093)
[17:13:28] [Server thread/INFO]: TeeneeBeanie joined the game
[17:28:45] [Server thread/INFO]: TeeneeBeanie lost connection: Timed out
[17:28:45] [Server thread/INFO]: TeeneeBeanie left the game
[17:36:50] [Server thread/INFO]: inefficent_led lost connection: Disconnected
[17:36:50] [Server thread/INFO]: inefficent_led left the game
[17:37:30] [User Authenticator #11/INFO]: UUID of player TeeneeBeanie is f9605c2b-6111-422a-9ac8-c1b63601e97c
[17:37:30] [Server thread/INFO]: TeeneeBeanie[/99.227.161.11:62488] logged in with entity id 11532 at (-1622.897294974856, 70.0, 519.0294912620283)
[17:37:30] [Server thread/INFO]: TeeneeBeanie joined the game
[17:38:12] [Server thread/INFO]: TeeneeBeanie burned to death
[17:38:46] [Server thread/INFO]: TeeneeBeanie lost connection: Timed out
[17:38:46] [Server thread/INFO]: TeeneeBeanie left the game
[17:55:41] [Server thread/INFO]: Saving the game (this may take a moment!)
[17:55:41] [Server thread/INFO]: Saved the game
[17:55:43] [Server thread/INFO]: Stopping the server
[17:55:43] [Server thread/INFO]: Stopping server
[17:55:43] [Server thread/INFO]: Saving players
[17:55:43] [Server thread/INFO]: Saving worlds
[17:55:43] [Server thread/INFO]: Saving chunks for level 'ServerLevel[Nick's World]'/minecraft:overworld
[17:55:44] [Server thread/INFO]: ThreadedAnvilChunkStorage (world): All chunks are saved
[17:55:44] [Server thread/INFO]: Saving chunks for level 'ServerLevel[Nick's World]'/minecraft:the_nether
[17:55:44] [Server thread/INFO]: ThreadedAnvilChunkStorage (DIM-1): All chunks are saved
[17:55:44] [Server thread/INFO]: Saving chunks for level 'ServerLevel[Nick's World]'/minecraft:the_end
[17:55:44] [Server thread/INFO]: ThreadedAnvilChunkStorage (DIM1): All chunks are saved
[17:55:44] [Server thread/INFO]: ThreadedAnvilChunkStorage (world): All chunks are saved
[17:55:44] [Server thread/INFO]: ThreadedAnvilChunkStorage (DIM-1): All chunks are saved
[17:55:44] [Server thread/INFO]: ThreadedAnvilChunkStorage (DIM1): All chunks are saved
